Determining if the pthread_create exist failed with the following output:
Change Dir: /home/feuerwerr/Repository/feuerwerr_ros/trunk/catkin_ws/build/CMakeFiles/CMakeTmp

Run Build Command:"/usr/bin/make" "cmTC_108fc/fast"
/usr/bin/make -f CMakeFiles/cmTC_108fc.dir/build.make CMakeFiles/cmTC_108fc.dir/build
make[1]: Entering directory '/home/feuerwerr/Repository/feuerwerr_ros/trunk/catkin_ws/build/CMakeFiles/CMakeTmp'
Building C object CMakeFiles/cmTC_108fc.dir/CheckSymbolExists.c.o
/usr/bin/cc     -o CMakeFiles/cmTC_108fc.dir/CheckSymbolExists.c.o   -c /home/feuerwerr/Repository/feuerwerr_ros/trunk/catkin_ws/build/CMakeFiles/CMakeTmp/CheckSymbolExists.c
Linking C executable cmTC_108fc
/usr/bin/cmake -E cmake_link_script CMakeFiles/cmTC_108fc.dir/link.txt --verbose=1
/usr/bin/cc       CMakeFiles/cmTC_108fc.dir/CheckSymbolExists.c.o  -o cmTC_108fc -rdynamic 
CMakeFiles/cmTC_108fc.dir/CheckSymbolExists.c.o: In function `main':
CheckSymbolExists.c:(.text+0x16): undefined reference to `pthread_create'
collect2: error: ld returned 1 exit status
CMakeFiles/cmTC_108fc.dir/build.make:97: recipe for target 'cmTC_108fc' failed
make[1]: *** [cmTC_108fc] Error 1
make[1]: Leaving directory '/home/feuerwerr/Repository/feuerwerr_ros/trunk/catkin_ws/build/CMakeFiles/CMakeTmp'
Makefile:126: recipe for target 'cmTC_108fc/fast' failed
make: *** [cmTC_108fc/fast] Error 2

File /home/feuerwerr/Repository/feuerwerr_ros/trunk/catkin_ws/build/CMakeFiles/CMakeTmp/CheckSymbolExists.c:
/* */
#include <pthread.h>

int main(int argc, char** argv)
{
  (void)argv;
#ifndef pthread_create
  return ((int*)(&pthread_create))[argc];
#else
  (void)argc;
  return 0;
#endif
}

Determining if the function pthread_create exists in the pthreads failed with the following output:
Change Dir: /home/feuerwerr/Repository/feuerwerr_ros/trunk/catkin_ws/build/CMakeFiles/CMakeTmp

Run Build Command:"/usr/bin/make" "cmTC_9d401/fast"
/usr/bin/make -f CMakeFiles/cmTC_9d401.dir/build.make CMakeFiles/cmTC_9d401.dir/build
make[1]: Entering directory '/home/feuerwerr/Repository/feuerwerr_ros/trunk/catkin_ws/build/CMakeFiles/CMakeTmp'
Building C object CMakeFiles/cmTC_9d401.dir/CheckFunctionExists.c.o
/usr/bin/cc    -DCHECK_FUNCTION_EXISTS=pthread_create   -o CMakeFiles/cmTC_9d401.dir/CheckFunctionExists.c.o   -c /usr/share/cmake-3.5/Modules/CheckFunctionExists.c
Linking C executable cmTC_9d401
/usr/bin/cmake -E cmake_link_script CMakeFiles/cmTC_9d401.dir/link.txt --verbose=1
/usr/bin/cc   -DCHECK_FUNCTION_EXISTS=pthread_create    CMakeFiles/cmTC_9d401.dir/CheckFunctionExists.c.o  -o cmTC_9d401 -rdynamic -lpthreads 
/usr/bin/ld: cannot find -lpthreads
collect2: error: ld returned 1 exit status
CMakeFiles/cmTC_9d401.dir/build.make:97: recipe for target 'cmTC_9d401' failed
make[1]: *** [cmTC_9d401] Error 1
make[1]: Leaving directory '/home/feuerwerr/Repository/feuerwerr_ros/trunk/catkin_ws/build/CMakeFiles/CMakeTmp'
Makefile:126: recipe for target 'cmTC_9d401/fast' failed
make: *** [cmTC_9d401/fast] Error 2


