
                            < M A T L A B (R) >
                  Copyright 1984-2017 The MathWorks, Inc.
                   R2017a (9.2.0.538062) 64-bit (glnxa64)
                             February 23, 2017

 
To get started, type one of these: helpwin, helpdesk, or demo.
For product information, visit www.mathworks.com.
 
>> >> >> >> >> >> 
curDir =

    '/home/feuerwerr/ISS_Code/code/RadarSignalProcessor'

>> >> >> 
globalFunctions =

    '../globalFunctions'

>> >> >> >> >> >> >> >> >> localhost
>> Initialising Master
Initializing global node /RadarSignalProcessor_node with NodeURI http://dell5520:42502/
  Columns 1 through 3

    '/RadarSignalProc...'    '/feuerwerr_siso_...'    '/feuerwerr_siso_...'

  Columns 4 through 6

    '/feuerwerr_siso_...'    '/feuerwerr_siso_...'    '/feuerwerr_siso_...'

  Column 7

    '/rosout'

>> >> >> >> >> >> >> >> >> >> >> Topic subscribed
>> >> >> 